0 info it worked if it ends with ok
1 verbose cli [ 'C:\\Program Files\\nodejs\\node.exe',
1 verbose cli   'C:\\Program Files\\nodejs\\node_modules\\npm\\bin\\npm-cli.js',
1 verbose cli   'publish',
1 verbose cli   '--force' ]
2 info using npm@3.8.6
3 info using node@v6.1.0
4 warn using --force I sure hope you know what you are doing.
5 verbose publish [ '.' ]
6 silly cache add args [ '.', null ]
7 verbose cache add spec .
8 silly cache add parsed spec Result {
8 silly cache add   raw: '.',
8 silly cache add   scope: null,
8 silly cache add   name: null,
8 silly cache add   rawSpec: '.',
8 silly cache add   spec: 'c:\\gitprojects\\firefly-names',
8 silly cache add   type: 'directory' }
9 verbose addLocalDirectory C:\Users\administrator\AppData\Roaming\npm-cache\firefly-names\1.0.0\package.tgz not in flight; packing
10 verbose correctMkdir C:\Users\administrator\AppData\Roaming\npm-cache correctMkdir not in flight; initializing
11 info lifecycle firefly-names@1.0.0~prepublish: firefly-names@1.0.0
12 silly lifecycle firefly-names@1.0.0~prepublish: no script for prepublish, continuing
13 verbose tar pack [ 'C:\\Users\\administrator\\AppData\\Roaming\\npm-cache\\firefly-names\\1.0.0\\package.tgz',
13 verbose tar pack   'c:\\gitprojects\\firefly-names' ]
14 verbose tarball C:\Users\administrator\AppData\Roaming\npm-cache\firefly-names\1.0.0\package.tgz
15 verbose folder c:\gitprojects\firefly-names
16 verbose addLocalTarball adding from inside cache C:\Users\administrator\AppData\Roaming\npm-cache\firefly-names\1.0.0\package.tgz
17 verbose correctMkdir C:\Users\administrator\AppData\Roaming\npm-cache correctMkdir not in flight; initializing
18 silly cache afterAdd firefly-names@1.0.0
19 verbose afterAdd C:\Users\administrator\AppData\Roaming\npm-cache\firefly-names\1.0.0\package\package.json not in flight; writing
20 verbose correctMkdir C:\Users\administrator\AppData\Roaming\npm-cache correctMkdir not in flight; initializing
21 verbose afterAdd C:\Users\administrator\AppData\Roaming\npm-cache\firefly-names\1.0.0\package\package.json written
22 silly publish { name: 'firefly-names',
22 silly publish   version: '1.0.0',
22 silly publish   description: 'Get random Firefly character names',
22 silly publish   main: 'src/index.js',
22 silly publish   scripts: { test: 'echo "Error: no test specified" && exit 1' },
22 silly publish   repository:
22 silly publish    { type: 'git',
22 silly publish      url: 'git+https://github.com/codemonkeybot/firefly-names.git' },
22 silly publish   keywords: [ 'random', 'firefly' ],
22 silly publish   author: { name: 'Richard Cunday', email: 'rich.cunday@gmail.com' },
22 silly publish   license: 'MIT',
22 silly publish   bugs: { url: 'https://github.com/codemonkeybot/firefly-names/issues' },
22 silly publish   homepage: 'https://github.com/codemonkeybot/firefly-names#readme',
22 silly publish   dependencies: { 'unique-random-array': '1.0.0' },
22 silly publish   readme: '# firefly-names\n\n[![travis build](https://img.shields.io/travis/codemonkeybot/firefly-names.svg?style=flat-square)](https://travis-ci.org/codemonkeybot/firefly-names)\n[![version](https://img.shields.io/npm/v/firefly-names.svg?style=flat-square)](http://npm.im/firefly-names)\n[![downloads](https://img.shields.io/npm/dm/firefly-names.svg?style=flat-square)](http://npm-stat.com/charts.html?package=firefly-names&from=2015-08-01)\n[![MIT License](https://img.shields.io/npm/l/firefly-names.svg?style=flat-square)](http://opensource.org/licenses/MIT)\n\nGet random character names from the Firefly series.\n\n\n## Installation\n\nThis package is distributed via npm:\n\n```\nnpm install firefly-names\n```\n\n## Usage\n\n```javascript\nvar names = require(\'firefly-names\');\nvar allNames = names.all;\nvar randomName = names.random();\nvar threeRandomNames = names.random(3);\n```\n\n## Other\n\nThis library was inspired by a tutorial by [Kent C. Dodds](https://twitter.com/kentcdodds) as part of an\n[egghead.io](http://egghead.io/) series called "How to Write a JavaScript Library."\n# firefly-names\n',
22 silly publish   readmeFilename: 'README.md',
22 silly publish   gitHead: '928a7e6a94544a81b04db818d24af9520be46c5c',
22 silly publish   _id: 'firefly-names@1.0.0',
22 silly publish   _shasum: 'aee07c6bfaca126841f5e175fa42faf697ed0393',
22 silly publish   _from: '.' }
23 verbose getPublishConfig undefined
24 silly mapToRegistry name firefly-names
25 silly mapToRegistry using default registry
26 silly mapToRegistry registry https://registry.npmjs.org/
27 silly mapToRegistry data Result {
27 silly mapToRegistry   raw: 'firefly-names',
27 silly mapToRegistry   scope: null,
27 silly mapToRegistry   name: 'firefly-names',
27 silly mapToRegistry   rawSpec: '',
27 silly mapToRegistry   spec: 'latest',
27 silly mapToRegistry   type: 'tag' }
28 silly mapToRegistry uri https://registry.npmjs.org/firefly-names
29 verbose publish registryBase https://registry.npmjs.org/
30 silly publish uploading C:\Users\administrator\AppData\Roaming\npm-cache\firefly-names\1.0.0\package.tgz
31 verbose request uri https://registry.npmjs.org/firefly-names
32 verbose request sending authorization for write operation
33 info attempt registry request try #1 at 12:39:22 PM
34 verbose request using bearer token for auth
35 verbose request id 0c406e6e743d6c33
36 http request PUT https://registry.npmjs.org/firefly-names
37 http 403 https://registry.npmjs.org/firefly-names
38 verbose headers { 'content-type': 'application/json',
38 verbose headers   'cache-control': 'max-age=300',
38 verbose headers   'content-length': '95',
38 verbose headers   'accept-ranges': 'bytes',
38 verbose headers   date: 'Wed, 11 May 2016 18:39:23 GMT',
38 verbose headers   via: '1.1 varnish',
38 verbose headers   connection: 'keep-alive',
38 verbose headers   'x-served-by': 'cache-dfw1847-DFW',
38 verbose headers   'x-cache': 'MISS',
38 verbose headers   'x-cache-hits': '0',
38 verbose headers   'x-timer': 'S1462991962.704615,VS0,VE670',
38 verbose headers   vary: 'Accept-Encoding' }
39 verbose request invalidating C:\Users\administrator\AppData\Roaming\npm-cache\registry.npmjs.org\firefly-names on PUT
40 error publish Failed PUT 403
41 verbose stack Error: "You cannot publish over the previously published version 1.0.0." : firefly-names
41 verbose stack     at makeError (C:\Program Files\nodejs\node_modules\npm\node_modules\npm-registry-client\lib\request.js:264:12)
41 verbose stack     at CachingRegistryClient.<anonymous> (C:\Program Files\nodejs\node_modules\npm\node_modules\npm-registry-client\lib\request.js:252:14)
41 verbose stack     at Request._callback (C:\Program Files\nodejs\node_modules\npm\node_modules\npm-registry-client\lib\request.js:172:14)
41 verbose stack     at Request.self.callback (C:\Program Files\nodejs\node_modules\npm\node_modules\request\request.js:199:22)
41 verbose stack     at emitTwo (events.js:106:13)
41 verbose stack     at Request.emit (events.js:191:7)
41 verbose stack     at Request.<anonymous> (C:\Program Files\nodejs\node_modules\npm\node_modules\request\request.js:1036:10)
41 verbose stack     at emitOne (events.js:101:20)
41 verbose stack     at Request.emit (events.js:188:7)
41 verbose stack     at IncomingMessage.<anonymous> (C:\Program Files\nodejs\node_modules\npm\node_modules\request\request.js:963:12)
42 verbose statusCode 403
43 verbose pkgid firefly-names
44 verbose cwd c:\gitprojects\firefly-names
45 error Windows_NT 6.1.7601
46 error argv "C:\\Program Files\\nodejs\\node.exe" "C:\\Program Files\\nodejs\\node_modules\\npm\\bin\\npm-cli.js" "publish" "--force"
47 error node v6.1.0
48 error npm  v3.8.6
49 error code E403
50 error "You cannot publish over the previously published version 1.0.0." : firefly-names
51 error If you need help, you may report this error at:
51 error     <https://github.com/npm/npm/issues>
52 verbose exit [ 1, true ]
